<?xml version="1.0" encoding="UTF-8"?>
<!-- Generated by org.testng.reporters.JUnitReportReporter -->
<testsuite hostname="DESKTOP-7K1FGBJ" failures="0" tests="1" name="ExplicitWaitTest.ExplicitWaitTest" time="13.675" errors="0" timestamp="2024-10-09T17:06:53 IST" skipped="0">
  <testcase classname="ExplicitWaitTest.ExplicitWaitTest" name="dynamicElementLoadTest" time="13.675"/>
  <system-out/>
</testsuite> <!-- ExplicitWaitTest.ExplicitWaitTest -->
