<?xml version="1.0" encoding="UTF-8"?>
<!-- Generated by org.testng.reporters.JUnitReportReporter -->
<testsuite hostname="DESKTOP-7K1FGBJ" failures="0" tests="3" name="TestNG.DataProviderTest.LoginTest1" time="22.861" errors="0" timestamp="2024-10-09T17:23:58 IST" skipped="0">
  <testcase classname="TestNG.DataProviderTest.LoginTest1" name="loginTest" time="7.214"/>
  <system-out/>
  <testcase classname="TestNG.DataProviderTest.LoginTest1" name="loginTest" time="6.910"/>
  <system-out/>
  <testcase classname="TestNG.DataProviderTest.LoginTest1" name="loginTest" time="8.737"/>
  <system-out/>
</testsuite> <!-- TestNG.DataProviderTest.LoginTest1 -->
